【ORACLE】HVALUE: 
┌─────────┬────────────────────────────────────────────────────────────────────┐
│ (index) │                               hValue                               │
├─────────┼────────────────────────────────────────────────────────────────────┤
│    0    │ '683b7602047f1d3d1c6a931804b0df1068aa08a84cf7d6ee39a870f8eb8985b0' │
└─────────┴────────────────────────────────────────────────────────────────────┘


【SETTLEMENT】Maker create refund tx and h callback status server
┌─────────┬───────┬────────────────────────────────────────────────────────────────────┬────────────────────────────┬───────────┐
│ (index) │ chain │                               hvalue                               │        settlementId        │ signature │
├─────────┼───────┼────────────────────────────────────────────────────────────────────┼────────────────────────────┼───────────┤
│    0    │ 'eth' │ '683b7602047f1d3d1c6a931804b0df1068aa08a84cf7d6ee39a870f8eb8985b0' │ '1550137345425_0101229003' │   null    │
└─────────┴───────┴────────────────────────────────────────────────────────────────────┴────────────────────────────┴───────────┘








【SETTLEMENT】Taker receive H and create refund callback status server
┌─────────┬───────┬────────────────────────────┬───────────┐
│ (index) │ chain │        settlementId        │ signature │
├─────────┼───────┼────────────────────────────┼───────────┤
│    0    │ 'eth' │ '1550137345425_0101229003' │   null    │
└─────────┴───────┴────────────────────────────┴───────────┘








【ORACLE】Erc20 takerSubmitApproveTx....................................
【GATEWAY】Erc20 create Approve Tx params:
┌─────────┬────────────────────────────┬──────────────────────────────────────────────┬────────────────────────────────────┐
│ (index) │        settlementId        │                    sender                    │               amount               │
├─────────┼────────────────────────────┼──────────────────────────────────────────────┼────────────────────────────────────┤
│    0    │ '1550137345425_0101229003' │ '0x5c7c9E06cf9FAF957FC950887978A9434d0b5ABB' │ '3.000000000000000000000000000000' │
└─────────┴────────────────────────────┴──────────────────────────────────────────────┴────────────────────────────────────┘


【SIGNATURE】SIGN TYPE TAKER_APPROVE_TX_SIGN =================================================================||||||||||||||||||||||||||||||||
┌─────────┬─────────────────────────┬───────┬──────────┬────────────────────────────────────────────────────────────────────────────────────────────────────────────────────────────────────────┬────────────────────────────┬──────────────────────────────────────────────────────────────────────────────────────────────────────────────────────────────────────────────────────────────────────────────────────────────────────────────────────┐
│ (index) │          type           │ chain │ currency │                                                               publicKey                                                                │        settlementId        │                                                                                                       waitSign                                                                                                       │
├─────────┼─────────────────────────┼───────┼──────────┼────────────────────────────────────────────────────────────────────────────────────────────────────────────────────────────────────────┼────────────────────────────┼──────────────────────────────────────────────────────────────────────────────────────────────────────────────────────────────────────────────────────────────────────────────────────────────────────────────────────┤
│    0    │ 'taker_approve_tx_sign' │ 'eth' │  'zil'   │ '0x0421caaf99e3f0069b7889e2ebed593e2daa4d1f01575e1469787abcf02bbc012ee62e020037be4e944edf2a24d589dba389bd3a61df6f2bbc146abda7f39f69a9' │ '1550137345425_0101229003' │ '0xf8661384773594008304baf094a35c9c57f23420d6d8dbdba48e5023c2cd7d84d180b844095ea7b300000000000000000000000081adec9478ece1e03bda3d10bbac89abb3ed1265000000000000000000000000000000000000000000000000000002ba7def3000' │
└─────────┴─────────────────────────┴───────┴──────────┴────────────────────────────────────────────────────────────────────────────────────────────────────────────────────────────────────────┴────────────────────────────┴──────────────────────────────────────────────────────────────────────────────────────────────────────────────────────────────────────────────────────────────────────────────────────────────────────────────────────┘


【CALLBACK】Erc20 takerApproveTxSignCallback signature_callback params: 
┌─────────┬────────────────────────────┬──────────────────────────────────────────────────────────────────────────────────────────────────────────────────────────────────────────────────────────────────────────────────────────────────────────────────────────────────────────────────────────────────────────────────────────────────────────────────────────────────────────────────────────┐
│ (index) │        settlementId        │                                                                                                                                                                   signedRawTransaction                                                                                                                                                                   │
├─────────┼────────────────────────────┼──────────────────────────────────────────────────────────────────────────────────────────────────────────────────────────────────────────────────────────────────────────────────────────────────────────────────────────────────────────────────────────────────────────────────────────────────────────────────────────────────────────────────────────┤
│    0    │ '1550137345425_0101229003' │ '0xf8a81384773594008304baf094a35c9c57f23420d6d8dbdba48e5023c2cd7d84d180b844095ea7b300000000000000000000000081adec9478ece1e03bda3d10bbac89abb3ed1265000000000000000000000000000000000000000000000000000002ba7def30001ca0a73988c202bb97194e689ef5fb2a151241097e4b4f9636b4b3aa542a35fb81ca9f41f1186505130878d294b79866fbbb4b7194c9b21af2e484b7c0e6d35f642e' │
└─────────┴────────────────────────────┴──────────────────────────────────────────────────────────────────────────────────────────────────────────────────────────────────────────────────────────────────────────────────────────────────────────────────────────────────────────────────────────────────────────────────────────────────────────────────────────────────────────────────────────┘


【GATEWAY】Erc20 send Approve Tx params:
┌─────────┬────────────────────────────┬──────────────────────────────────────────────────────────────────────────────────────────────────────────────────────────────────────────────────────────────────────────────────────────────────────────────────────────────────────────────────────────────────────────────────────────────────────────────────────────────────────────────────────────┐
│ (index) │        settlementId        │                                                                                                                                                                   signedRawTransaction                                                                                                                                                                   │
├─────────┼────────────────────────────┼──────────────────────────────────────────────────────────────────────────────────────────────────────────────────────────────────────────────────────────────────────────────────────────────────────────────────────────────────────────────────────────────────────────────────────────────────────────────────────────────────────────────────────────┤
│    0    │ '1550137345425_0101229003' │ '0xf8a81384773594008304baf094a35c9c57f23420d6d8dbdba48e5023c2cd7d84d180b844095ea7b300000000000000000000000081adec9478ece1e03bda3d10bbac89abb3ed1265000000000000000000000000000000000000000000000000000002ba7def30001ca0a73988c202bb97194e689ef5fb2a151241097e4b4f9636b4b3aa542a35fb81ca9f41f1186505130878d294b79866fbbb4b7194c9b21af2e484b7c0e6d35f642e' │
└─────────┴────────────────────────────┴──────────────────────────────────────────────────────────────────────────────────────────────────────────────────────────────────────────────────────────────────────────────────────────────────────────────────────────────────────────────────────────────────────────────────────────────────────────────────────────────────────────────────────────┘


【SETTLEMENT】Taker submit approve callback status server
┌─────────┬───────┬────────────────────────────┬──────────────────────────────────────────────────────────────────────┬───────────┐
│ (index) │ chain │        settlementId        │                      takerApproveTransactionId                       │ signature │
├─────────┼───────┼────────────────────────────┼──────────────────────────────────────────────────────────────────────┼───────────┤
│    0    │ 'eth' │ '1550137345425_0101229003' │ '0xd786d679522ab9f9a96c2ece2eaf8051e1c977c8f3552cc69b255d25cefcd8cd' │   null    │
└─────────┴───────┴────────────────────────────┴──────────────────────────────────────────────────────────────────────┴───────────┘








【ORACLE】ETH makerSubmitHashLockTx....................................
【GATEWAY】ETH create hash lock tx params:
┌─────────┬────────────────────────────────────┬────────────────────────────┬────────────────────────────────────────────────────────────────────┬──────────┬──────────────────────────────────────────────┬──────────────────────────────────────────────┐
│ (index) │               amount               │        settlementId        │                               hValue                               │ lockTime │                   receiver                   │                    sender                    │
├─────────┼────────────────────────────────────┼────────────────────────────┼────────────────────────────────────────────────────────────────────┼──────────┼──────────────────────────────────────────────┼──────────────────────────────────────────────┤
│    0    │ '0.210000000000000000000000000000' │ '1550137345425_0101229003' │ '683b7602047f1d3d1c6a931804b0df1068aa08a84cf7d6ee39a870f8eb8985b0' │    72    │ '0x5c7c9E06cf9FAF957FC950887978A9434d0b5ABB' │ '0x91C8cBC45D759AE6a826FC434a04b6B7C4Fdd339' │
└─────────┴────────────────────────────────────┴────────────────────────────┴────────────────────────────────────────────────────────────────────┴──────────┴──────────────────────────────────────────────┴──────────────────────────────────────────────┘


【SIGNATURE】SIGN TYPE MAKER_HASH_LOCK_TX_SIGN =================================================================||||||||||||||||||||||||||||||||
┌─────────┬───────────────────────────┬───────┬──────────┬────────────────────────────────────────────────────────────────────────────────────────────────────────────────────────────────────────┬────────────────────────────┬──────────────────────────────────────────────────────────────────────────────────────────────────────────────────────────────────────────────────────────────────────────────────────────────────────────────────────────────────────────────────────────────────────────────────────────────────────┐
│ (index) │           type            │ chain │ currency │                                                               publicKey                                                                │        settlementId        │                                                                                                                                               waitSign                                                                                                                                               │
├─────────┼───────────────────────────┼───────┼──────────┼────────────────────────────────────────────────────────────────────────────────────────────────────────────────────────────────────────┼────────────────────────────┼──────────────────────────────────────────────────────────────────────────────────────────────────────────────────────────────────────────────────────────────────────────────────────────────────────────────────────────────────────────────────────────────────────────────────────────────────────┤
│    0    │ 'maker_hash_lock_tx_sign' │ 'eth' │  'eth'   │ '0x047ee4370138916819d252686cdee323c5a01c2a203e00eb3b3fb588df9c79562601615e6969375f7bea207b6051940994d1e45fc221b3073ce2a5b97dc20349b9' │ '1550137345425_0101229003' │ '0xf88e0e84773594008304baf0945502a0576e14e839cf72817f2ef15c3473b5ebd88802ea11e32ad50000b864a80de0e80000000000000000000000005c7c9e06cf9faf957fc950887978a9434d0b5abb683b7602047f1d3d1c6a931804b0df1068aa08a84cf7d6ee39a870f8eb8985b000000000000000000000000000000000000000000000000000000000003b0271' │
└─────────┴───────────────────────────┴───────┴──────────┴────────────────────────────────────────────────────────────────────────────────────────────────────────────────────────────────────────┴────────────────────────────┴──────────────────────────────────────────────────────────────────────────────────────────────────────────────────────────────────────────────────────────────────────────────────────────────────────────────────────────────────────────────────────────────────────────────────────────────────────┘


【CALLBACK】ETH makerHashLockTxSign signature_callback params: 
┌─────────┬────────────────────────────┬────────────────────────────────────────────────────────────────────────────────────────────────────────────────────────────────────────────────────────────────────────────────────────────────────────────────────────────────────────────────────────────────────────────────────────────────────────────────────────────────────────────────────────────────────────────────────────────────────────────────────────────────────────────┐
│ (index) │        settlementId        │                                                                                                                                                                                                            signedRawTransaction                                                                                                                                                                                                            │
├─────────┼────────────────────────────┼────────────────────────────────────────────────────────────────────────────────────────────────────────────────────────────────────────────────────────────────────────────────────────────────────────────────────────────────────────────────────────────────────────────────────────────────────────────────────────────────────────────────────────────────────────────────────────────────────────────────────────────────────────────┤
│    0    │ '1550137345425_0101229003' │ '0xf8d10e84773594008304baf0945502a0576e14e839cf72817f2ef15c3473b5ebd88802ea11e32ad50000b864a80de0e80000000000000000000000005c7c9e06cf9faf957fc950887978a9434d0b5abb683b7602047f1d3d1c6a931804b0df1068aa08a84cf7d6ee39a870f8eb8985b000000000000000000000000000000000000000000000000000000000003b02711ba049cfdd834e9f6a8bf7bb74e39d08a25ded8a0ea13135fdea8e7845c230ce1db3a04f931913f93329fff5e15acdab268429bbf5a810da7e2380f9ac527c6e96fece' │
└─────────┴────────────────────────────┴────────────────────────────────────────────────────────────────────────────────────────────────────────────────────────────────────────────────────────────────────────────────────────────────────────────────────────────────────────────────────────────────────────────────────────────────────────────────────────────────────────────────────────────────────────────────────────────────────────────────────────────────────────────┘


【GATEWAY】ETH send hash lock tx params:
┌─────────┬────────────────────────────┬────────────────────────────────────────────────────────────────────────────────────────────────────────────────────────────────────────────────────────────────────────────────────────────────────────────────────────────────────────────────────────────────────────────────────────────────────────────────────────────────────────────────────────────────────────────────────────────────────────────────────────────────────────────┬──────────────────────────────────────────────────────────────────────┐
│ (index) │        settlementId        │                                                                                                                                                                                                            signedRawTransaction                                                                                                                                                                                                            │                                lockId                                │
├─────────┼────────────────────────────┼────────────────────────────────────────────────────────────────────────────────────────────────────────────────────────────────────────────────────────────────────────────────────────────────────────────────────────────────────────────────────────────────────────────────────────────────────────────────────────────────────────────────────────────────────────────────────────────────────────────────────────────────────────────┼──────────────────────────────────────────────────────────────────────┤
│    0    │ '1550137345425_0101229003' │ '0xf8d10e84773594008304baf0945502a0576e14e839cf72817f2ef15c3473b5ebd88802ea11e32ad50000b864a80de0e80000000000000000000000005c7c9e06cf9faf957fc950887978a9434d0b5abb683b7602047f1d3d1c6a931804b0df1068aa08a84cf7d6ee39a870f8eb8985b000000000000000000000000000000000000000000000000000000000003b02711ba049cfdd834e9f6a8bf7bb74e39d08a25ded8a0ea13135fdea8e7845c230ce1db3a04f931913f93329fff5e15acdab268429bbf5a810da7e2380f9ac527c6e96fece' │ '0x9bfff7c78e722a3d2c40ae2d82e1ea7f47f4814811215c13e0479314acdd2566' │
└─────────┴────────────────────────────┴────────────────────────────────────────────────────────────────────────────────────────────────────────────────────────────────────────────────────────────────────────────────────────────────────────────────────────────────────────────────────────────────────────────────────────────────────────────────────────────────────────────────────────────────────────────────────────────────────────────────────────────────────────────┴──────────────────────────────────────────────────────────────────────┘


【SETTLEMENT】maker submit hash lock tx callback status server
┌─────────┬───────┬────────────────────────────┬──────────────────────────────────────────────────────────────────────┬──────────────────────────────────────────────────────────────────────────────────────────────────────────────────────────────────────────────────────────────────────────────────────────────────────────────────────────────────────────────────────────────────────────────────────────────────────┬──────────────────────────────────────────────────────────────────────┬──────────────────────────────┬─────────────────────┐
│ (index) │ chain │        settlementId        │                             makerLockId                              │                                                                                                                                      makerHashLockRawtransation                                                                                                                                      │                      makerHashLockTransactionId                      │ makerRefundThresholdBlockNum │ makerLockExpireDate │
├─────────┼───────┼────────────────────────────┼──────────────────────────────────────────────────────────────────────┼──────────────────────────────────────────────────────────────────────────────────────────────────────────────────────────────────────────────────────────────────────────────────────────────────────────────────────────────────────────────────────────────────────────────────────────────────────┼──────────────────────────────────────────────────────────────────────┼──────────────────────────────┼─────────────────────┤
│    0    │ 'eth' │ '1550137345425_0101229003' │ '0x9bfff7c78e722a3d2c40ae2d82e1ea7f47f4814811215c13e0479314acdd2566' │ '0xf88e0e84773594008304baf0945502a0576e14e839cf72817f2ef15c3473b5ebd88802ea11e32ad50000b864a80de0e80000000000000000000000005c7c9e06cf9faf957fc950887978a9434d0b5abb683b7602047f1d3d1c6a931804b0df1068aa08a84cf7d6ee39a870f8eb8985b000000000000000000000000000000000000000000000000000000000003b0271' │ '0x70e934eb578e4c2c81a73db7cb77d3a0a32d8222e405f36338c7cf518553f344' │           3867243            │       3867249       │
└─────────┴───────┴────────────────────────────┴──────────────────────────────────────────────────────────────────────┴──────────────────────────────────────────────────────────────────────────────────────────────────────────────────────────────────────────────────────────────────────────────────────────────────────────────────────────────────────────────────────────────────────────────────────────────────────┴──────────────────────────────────────────────────────────────────────┴──────────────────────────────┴─────────────────────┘








【ORACLE】erc20 takerSubmitHashLockTx....................................
【GATEWAY】Erc20 create hash lock tx params:
┌─────────┬────────────────────────────┬──────────────────────────────────────────────┬──────────────────────────────────────────────┬────────────────────────────────────────────────────────────────────┬──────────┬────────────────────────────────────┐
│ (index) │        settlementId        │                    sender                    │                   receiver                   │                               hValue                               │ lockTime │               amount               │
├─────────┼────────────────────────────┼──────────────────────────────────────────────┼──────────────────────────────────────────────┼────────────────────────────────────────────────────────────────────┼──────────┼────────────────────────────────────┤
│    0    │ '1550137345425_0101229003' │ '0x5c7c9E06cf9FAF957FC950887978A9434d0b5ABB' │ '0x91C8cBC45D759AE6a826FC434a04b6B7C4Fdd339' │ '683b7602047f1d3d1c6a931804b0df1068aa08a84cf7d6ee39a870f8eb8985b0' │    36    │ '3.000000000000000000000000000000' │
└─────────┴────────────────────────────┴──────────────────────────────────────────────┴──────────────────────────────────────────────┴────────────────────────────────────────────────────────────────────┴──────────┴────────────────────────────────────┘


【SIGNATURE】SIGN TYPE TAKER_HASH_LOCK_TX_SIGN =================================================================||||||||||||||||||||||||||||||||
┌─────────┬───────────────────────────┬───────┬──────────┬────────────────────────────────────────────────────────────────────────────────────────────────────────────────────────────────────────┬────────────────────────────┬──────────────────────────────────────────────────────────────────────────────────────────────────────────────────────────────────────────────────────────────────────────────────────────────────────────────────────────────────────────────────────────────────────────────────────────────────────────────────────────────────────────────────────────────────────────────────────────────────────────────────────┐
│ (index) │           type            │ chain │ currency │                                                               publicKey                                                                │        settlementId        │                                                                                                                                                                                                       waitSign                                                                                                                                                                                                       │
├─────────┼───────────────────────────┼───────┼──────────┼────────────────────────────────────────────────────────────────────────────────────────────────────────────────────────────────────────┼────────────────────────────┼──────────────────────────────────────────────────────────────────────────────────────────────────────────────────────────────────────────────────────────────────────────────────────────────────────────────────────────────────────────────────────────────────────────────────────────────────────────────────────────────────────────────────────────────────────────────────────────────────────────────────────┤
│    0    │ 'taker_hash_lock_tx_sign' │ 'eth' │  'zil'   │ '0x0421caaf99e3f0069b7889e2ebed593e2daa4d1f01575e1469787abcf02bbc012ee62e020037be4e944edf2a24d589dba389bd3a61df6f2bbc146abda7f39f69a9' │ '1550137345425_0101229003' │ '0xf8c61484773594008304baf09481adec9478ece1e03bda3d10bbac89abb3ed126580b8a49e75f6ca00000000000000000000000091c8cbc45d759ae6a826fc434a04b6b7c4fdd339683b7602047f1d3d1c6a931804b0df1068aa08a84cf7d6ee39a870f8eb8985b000000000000000000000000000000000000000000000000000000000003b0272000000000000000000000000a35c9c57f23420d6d8dbdba48e5023c2cd7d84d1000000000000000000000000000000000000000000000000000002ba7def3000' │
└─────────┴───────────────────────────┴───────┴──────────┴────────────────────────────────────────────────────────────────────────────────────────────────────────────────────────────────────────┴────────────────────────────┴──────────────────────────────────────────────────────────────────────────────────────────────────────────────────────────────────────────────────────────────────────────────────────────────────────────────────────────────────────────────────────────────────────────────────────────────────────────────────────────────────────────────────────────────────────────────────────────────────────────────────────┘


【CALLBACK】Erc20 takerHashLockTxSign signature_callback params: 
┌─────────┬────────────────────────────┬──────────────────────────────────────────────────────────────────────────────────────────────────────────────────────────────────────────────────────────────────────────────────────────────────────────────────────────────────────────────────────────────────────────────────────────────────────────────────────────────────────────────────────────────────────────────────────────────────────────────────────────────────────────────────────────────────────────────────────────────────────────────────────────────────────────────────────────────┐
│ (index) │        settlementId        │                                                                                                                                                                                                                                                                     signedRawTransaction                                                                                                                                                                                                                                                                     │
├─────────┼────────────────────────────┼──────────────────────────────────────────────────────────────────────────────────────────────────────────────────────────────────────────────────────────────────────────────────────────────────────────────────────────────────────────────────────────────────────────────────────────────────────────────────────────────────────────────────────────────────────────────────────────────────────────────────────────────────────────────────────────────────────────────────────────────────────────────────────────────────────────────────────────────┤
│    0    │ '1550137345425_0101229003' │ '0xf901091484773594008304baf09481adec9478ece1e03bda3d10bbac89abb3ed126580b8a49e75f6ca00000000000000000000000091c8cbc45d759ae6a826fc434a04b6b7c4fdd339683b7602047f1d3d1c6a931804b0df1068aa08a84cf7d6ee39a870f8eb8985b000000000000000000000000000000000000000000000000000000000003b0272000000000000000000000000a35c9c57f23420d6d8dbdba48e5023c2cd7d84d1000000000000000000000000000000000000000000000000000002ba7def30001ca04932ab4bcf60ebe27577ed649275e04a5b66f91ffd84d08b2a080b0382381796a060395cd056e8c34ebf909c22a601a8f3c1e6d8fda313fbc4413dbbccc6cf8faf' │
└─────────┴────────────────────────────┴──────────────────────────────────────────────────────────────────────────────────────────────────────────────────────────────────────────────────────────────────────────────────────────────────────────────────────────────────────────────────────────────────────────────────────────────────────────────────────────────────────────────────────────────────────────────────────────────────────────────────────────────────────────────────────────────────────────────────────────────────────────────────────────────────────────────────────────────┘


【GATEWAY】Erc20 send hash lock tx params:
┌─────────┬────────────────────────────┬──────────────────────────────────────────────────────────────────────────────────────────────────────────────────────────────────────────────────────────────────────────────────────────────────────────────────────────────────────────────────────────────────────────────────────────────────────────────────────────────────────────────────────────────────────────────────────────────────────────────────────────────────────────────────────────────────────────────────────────────────────────────────────────────────────────────────────────────┬──────────────────────────────────────────────────────────────────────┐
│ (index) │        settlementId        │                                                                                                                                                                                                                                                                     signedRawTransaction                                                                                                                                                                                                                                                                     │                                lockId                                │
├─────────┼────────────────────────────┼──────────────────────────────────────────────────────────────────────────────────────────────────────────────────────────────────────────────────────────────────────────────────────────────────────────────────────────────────────────────────────────────────────────────────────────────────────────────────────────────────────────────────────────────────────────────────────────────────────────────────────────────────────────────────────────────────────────────────────────────────────────────────────────────────────────────────────────────┼──────────────────────────────────────────────────────────────────────┤
│    0    │ '1550137345425_0101229003' │ '0xf901091484773594008304baf09481adec9478ece1e03bda3d10bbac89abb3ed126580b8a49e75f6ca00000000000000000000000091c8cbc45d759ae6a826fc434a04b6b7c4fdd339683b7602047f1d3d1c6a931804b0df1068aa08a84cf7d6ee39a870f8eb8985b000000000000000000000000000000000000000000000000000000000003b0272000000000000000000000000a35c9c57f23420d6d8dbdba48e5023c2cd7d84d1000000000000000000000000000000000000000000000000000002ba7def30001ca04932ab4bcf60ebe27577ed649275e04a5b66f91ffd84d08b2a080b0382381796a060395cd056e8c34ebf909c22a601a8f3c1e6d8fda313fbc4413dbbccc6cf8faf' │ '0x679bb76ee4f5b72bfafec1fa0ea6cf03f5042fc06855f5c38d4db0cec79ffa76' │
└─────────┴────────────────────────────┴──────────────────────────────────────────────────────────────────────────────────────────────────────────────────────────────────────────────────────────────────────────────────────────────────────────────────────────────────────────────────────────────────────────────────────────────────────────────────────────────────────────────────────────────────────────────────────────────────────────────────────────────────────────────────────────────────────────────────────────────────────────────────────────────────────────────────────────────┴──────────────────────────────────────────────────────────────────────┘


【SETTLEMENT】Taker submit hash lock callback status server
┌─────────┬───────┬────────────────────────────┬──────────────────────────────────────────────────────────────────────┬──────────────────────────────────────────────────────────────────────────────────────────────────────────────────────────────────────────────────────────────────────────────────────────────────────────────────────────────────────────────────────────────────────────────────────────────────────────────────────────────────────────────────────────────────────────────────────────────────────────────────────┬──────────────────────────────────────────────────────────────────────┬──────────────────────────────┬─────────────────────┬───────────┐
│ (index) │ chain │        settlementId        │                             takerLockId                              │                                                                                                                                                                                              takerHashLockRawtransation                                                                                                                                                                                              │                      takerHashLockTransactionId                      │ takerRefundThresholdBlockNum │ takerLockExpireDate │ signature │
├─────────┼───────┼────────────────────────────┼──────────────────────────────────────────────────────────────────────┼──────────────────────────────────────────────────────────────────────────────────────────────────────────────────────────────────────────────────────────────────────────────────────────────────────────────────────────────────────────────────────────────────────────────────────────────────────────────────────────────────────────────────────────────────────────────────────────────────────────────────────┼──────────────────────────────────────────────────────────────────────┼──────────────────────────────┼─────────────────────┼───────────┤
│    0    │ 'eth' │ '1550137345425_0101229003' │ '0x679bb76ee4f5b72bfafec1fa0ea6cf03f5042fc06855f5c38d4db0cec79ffa76' │ '0xf8c61484773594008304baf09481adec9478ece1e03bda3d10bbac89abb3ed126580b8a49e75f6ca00000000000000000000000091c8cbc45d759ae6a826fc434a04b6b7c4fdd339683b7602047f1d3d1c6a931804b0df1068aa08a84cf7d6ee39a870f8eb8985b000000000000000000000000000000000000000000000000000000000003b0272000000000000000000000000a35c9c57f23420d6d8dbdba48e5023c2cd7d84d1000000000000000000000000000000000000000000000000000002ba7def3000' │ '0xc4c32425af83f7ec967bc86dbdf50064231073be6b45216670385c7634ab8eb0' │           3867247            │       3867250       │   null    │
└─────────┴───────┴────────────────────────────┴──────────────────────────────────────────────────────────────────────┴──────────────────────────────────────────────────────────────────────────────────────────────────────────────────────────────────────────────────────────────────────────────────────────────────────────────────────────────────────────────────────────────────────────────────────────────────────────────────────────────────────────────────────────────────────────────────────────────────────────────────────┴──────────────────────────────────────────────────────────────────────┴──────────────────────────────┴─────────────────────┴───────────┘








【ORACLE】Erc20 takerSubmitRefundTx....................................
【ORACLE】ETH makerSubmitRefundTx....................................
【GATEWAY】Erc20 create refund tx params:
┌─────────┬────────────────────────────┬──────────────────────────────────────────────┬──────────────────────────────────────────────────────────────────────┐
│ (index) │        settlementId        │                    sender                    │                                lockId                                │
├─────────┼────────────────────────────┼──────────────────────────────────────────────┼──────────────────────────────────────────────────────────────────────┤
│    0    │ '1550137345425_0101229003' │ '0x5c7c9E06cf9FAF957FC950887978A9434d0b5ABB' │ '0x679bb76ee4f5b72bfafec1fa0ea6cf03f5042fc06855f5c38d4db0cec79ffa76' │
└─────────┴────────────────────────────┴──────────────────────────────────────────────┴──────────────────────────────────────────────────────────────────────┘


【GATEWAY】ETH create refund tx params:
┌─────────┬────────────────────────────┬──────────────────────────────────────────────────────────────────────┬──────────────────────────────────────────────┐
│ (index) │        settlementId        │                                lockId                                │                    sender                    │
├─────────┼────────────────────────────┼──────────────────────────────────────────────────────────────────────┼──────────────────────────────────────────────┤
│    0    │ '1550137345425_0101229003' │ '0x9bfff7c78e722a3d2c40ae2d82e1ea7f47f4814811215c13e0479314acdd2566' │ '0x91C8cBC45D759AE6a826FC434a04b6B7C4Fdd339' │
└─────────┴────────────────────────────┴──────────────────────────────────────────────────────────────────────┴──────────────────────────────────────────────┘


【SIGNATURE】SIGN TYPE MAKER_REFUND_TX_SIGN =================================================================||||||||||||||||||||||||||||||||
┌─────────┬────────────────────────┬───────┬──────────┬────────────────────────────────────────────────────────────────────────────────────────────────────────────────────────────────────────┬────────────────────────────┬────────────────────────────────────────────────────────────────────────────────────────────────────────────────────────────────────────────────────┐
│ (index) │          type          │ chain │ currency │                                                               publicKey                                                                │        settlementId        │                                                                      waitSign                                                                      │
├─────────┼────────────────────────┼───────┼──────────┼────────────────────────────────────────────────────────────────────────────────────────────────────────────────────────────────────────┼────────────────────────────┼────────────────────────────────────────────────────────────────────────────────────────────────────────────────────────────────────────────────────┤
│    0    │ 'maker_refund_tx_sign' │ 'eth' │  'eth'   │ '0x047ee4370138916819d252686cdee323c5a01c2a203e00eb3b3fb588df9c79562601615e6969375f7bea207b6051940994d1e45fc221b3073ce2a5b97dc20349b9' │ '1550137345425_0101229003' │ '0xf8450f84773594008304baf0945502a0576e14e839cf72817f2ef15c3473b5ebd880a47249fbb69bfff7c78e722a3d2c40ae2d82e1ea7f47f4814811215c13e0479314acdd2566' │
└─────────┴────────────────────────┴───────┴──────────┴────────────────────────────────────────────────────────────────────────────────────────────────────────────────────────────────────────┴────────────────────────────┴────────────────────────────────────────────────────────────────────────────────────────────────────────────────────────────────────────────────────┘


【CALLBACK】ETH makerRefundTxSignCallback signature_callback params: 
┌─────────┬────────────────────────────┬──────────────────────────────────────────────────────────────────────────────────────────────────────────────────────────────────────────────────────────────────────────────────────────────────────────────────────────────────────────────────────────────────────────────────────────┐
│ (index) │        settlementId        │                                                                                                                                   signedRawTransaction                                                                                                                                   │
├─────────┼────────────────────────────┼──────────────────────────────────────────────────────────────────────────────────────────────────────────────────────────────────────────────────────────────────────────────────────────────────────────────────────────────────────────────────────────────────────────────────────────┤
│    0    │ '1550137345425_0101229003' │ '0xf8880f84773594008304baf0945502a0576e14e839cf72817f2ef15c3473b5ebd880a47249fbb69bfff7c78e722a3d2c40ae2d82e1ea7f47f4814811215c13e0479314acdd25661ba0fe2f9f96db9d92a2a40d2721738107b8b25c04808f68fba0c0d39ce68c5f1bfda020b886b6a4d59db2addd1327a7c6168db80dd7cba9bb31088f497c65cf76c1e2' │
└─────────┴────────────────────────────┴──────────────────────────────────────────────────────────────────────────────────────────────────────────────────────────────────────────────────────────────────────────────────────────────────────────────────────────────────────────────────────────────────────────────────────────┘


【GATEWAY】ETH send refund tx params:
┌─────────┬────────────────────────────┬──────────────────────────────────────────────────────────────────────────────────────────────────────────────────────────────────────────────────────────────────────────────────────────────────────────────────────────────────────────────────────────────────────────────────────────┐
│ (index) │        settlementId        │                                                                                                                                   signedRawTransaction                                                                                                                                   │
├─────────┼────────────────────────────┼──────────────────────────────────────────────────────────────────────────────────────────────────────────────────────────────────────────────────────────────────────────────────────────────────────────────────────────────────────────────────────────────────────────────────────────┤
│    0    │ '1550137345425_0101229003' │ '0xf8880f84773594008304baf0945502a0576e14e839cf72817f2ef15c3473b5ebd880a47249fbb69bfff7c78e722a3d2c40ae2d82e1ea7f47f4814811215c13e0479314acdd25661ba0fe2f9f96db9d92a2a40d2721738107b8b25c04808f68fba0c0d39ce68c5f1bfda020b886b6a4d59db2addd1327a7c6168db80dd7cba9bb31088f497c65cf76c1e2' │
└─────────┴────────────────────────────┴──────────────────────────────────────────────────────────────────────────────────────────────────────────────────────────────────────────────────────────────────────────────────────────────────────────────────────────────────────────────────────────────────────────────────────────┘


【SIGNATURE】SIGN TYPE TAKER_REFUND_TX_SIGN =================================================================||||||||||||||||||||||||||||||||
┌─────────┬────────────────────────┬───────┬──────────┬────────────────────────────────────────────────────────────────────────────────────────────────────────────────────────────────────────┬────────────────────────────┬────────────────────────────────────────────────────────────────────────────────────────────────────────────────────────────────────────────────────┐
│ (index) │          type          │ chain │ currency │                                                               publicKey                                                                │        settlementId        │                                                                      waitSign                                                                      │
├─────────┼────────────────────────┼───────┼──────────┼────────────────────────────────────────────────────────────────────────────────────────────────────────────────────────────────────────┼────────────────────────────┼────────────────────────────────────────────────────────────────────────────────────────────────────────────────────────────────────────────────────┤
│    0    │ 'taker_refund_tx_sign' │ 'eth' │  'zil'   │ '0x0421caaf99e3f0069b7889e2ebed593e2daa4d1f01575e1469787abcf02bbc012ee62e020037be4e944edf2a24d589dba389bd3a61df6f2bbc146abda7f39f69a9' │ '1550137345425_0101229003' │ '0xf8451584773594008304baf09481adec9478ece1e03bda3d10bbac89abb3ed126580a47249fbb6679bb76ee4f5b72bfafec1fa0ea6cf03f5042fc06855f5c38d4db0cec79ffa76' │
└─────────┴────────────────────────┴───────┴──────────┴────────────────────────────────────────────────────────────────────────────────────────────────────────────────────────────────────────┴────────────────────────────┴────────────────────────────────────────────────────────────────────────────────────────────────────────────────────────────────────────────────────┘


【CALLBACK】Erc20 takerRefundTxSignCallback signature_callback params: 
┌─────────┬────────────────────────────┬──────────────────────────────────────────────────────────────────────────────────────────────────────────────────────────────────────────────────────────────────────────────────────────────────────────────────────────────────────────────────────────────────────────────────────────┐
│ (index) │        settlementId        │                                                                                                                                   signedRawTransaction                                                                                                                                   │
├─────────┼────────────────────────────┼──────────────────────────────────────────────────────────────────────────────────────────────────────────────────────────────────────────────────────────────────────────────────────────────────────────────────────────────────────────────────────────────────────────────────────────┤
│    0    │ '1550137345425_0101229003' │ '0xf8881584773594008304baf09481adec9478ece1e03bda3d10bbac89abb3ed126580a47249fbb6679bb76ee4f5b72bfafec1fa0ea6cf03f5042fc06855f5c38d4db0cec79ffa761ca0a7ed161f1fc344205a2966800e738b6cf510d439d75fd16aafc301eb9ef95a42a06717932b147b742cd513c8f995115b997d3e3562480abec78d6b9a1b66ea7e54' │
└─────────┴────────────────────────────┴──────────────────────────────────────────────────────────────────────────────────────────────────────────────────────────────────────────────────────────────────────────────────────────────────────────────────────────────────────────────────────────────────────────────────────────┘


【GATEWAY】Erc20 send refund tx params:
┌─────────┬────────────────────────────┬──────────────────────────────────────────────────────────────────────────────────────────────────────────────────────────────────────────────────────────────────────────────────────────────────────────────────────────────────────────────────────────────────────────────────────────┐
│ (index) │        settlementId        │                                                                                                                                   signedRawTransaction                                                                                                                                   │
├─────────┼────────────────────────────┼──────────────────────────────────────────────────────────────────────────────────────────────────────────────────────────────────────────────────────────────────────────────────────────────────────────────────────────────────────────────────────────────────────────────────────────┤
│    0    │ '1550137345425_0101229003' │ '0xf8881584773594008304baf09481adec9478ece1e03bda3d10bbac89abb3ed126580a47249fbb6679bb76ee4f5b72bfafec1fa0ea6cf03f5042fc06855f5c38d4db0cec79ffa761ca0a7ed161f1fc344205a2966800e738b6cf510d439d75fd16aafc301eb9ef95a42a06717932b147b742cd513c8f995115b997d3e3562480abec78d6b9a1b66ea7e54' │
└─────────┴────────────────────────────┴──────────────────────────────────────────────────────────────────────────────────────────────────────────────────────────────────────────────────────────────────────────────────────────────────────────────────────────────────────────────────────────────────────────────────────────┘


【SETTLEMENT】Maker submit refund callback status server
┌─────────┬───────┬────────────────────────────┬──────────────────────────────────────────────────────────────────────┬───────────┐
│ (index) │ chain │        settlementId        │                       makerRefundTransactionId                       │ signature │
├─────────┼───────┼────────────────────────────┼──────────────────────────────────────────────────────────────────────┼───────────┤
│    0    │ 'eth' │ '1550137345425_0101229003' │ '0x6440bf907cce962786b6634e4c0ec1eba18a1ad007a00eb113533804f0159af9' │   null    │
└─────────┴───────┴────────────────────────────┴──────────────────────────────────────────────────────────────────────┴───────────┘








【SETTLEMENT】Taker submit refund callback status server
┌─────────┬───────┬────────────────────────────┬──────────────────────────────────────────────────────────────────────┬───────────┐
│ (index) │ chain │        settlementId        │                       takerRefundTransactionId                       │ signature │
├─────────┼───────┼────────────────────────────┼──────────────────────────────────────────────────────────────────────┼───────────┤
│    0    │ 'eth' │ '1550137345425_0101229003' │ '0x2bf1150ec4646c198bfd4f869eebdfeece7b21bd62a9e17c9afc1330d0278c35' │   null    │
└─────────┴───────┴────────────────────────────┴──────────────────────────────────────────────────────────────────────┴───────────┘








【SETTLEMENT】Maker submit Final callback status server
┌─────────┬───────┬────────────────────────────┬───────────┐
│ (index) │ chain │        settlementId        │ signature │
├─────────┼───────┼────────────────────────────┼───────────┤
│    0    │ 'eth' │ '1550137345425_0101229003' │   null    │
└─────────┴───────┴────────────────────────────┴───────────┘








【SETTLEMENT】Taker submit Final callback status server
┌─────────┬───────┬────────────────────────────┬───────────┐
│ (index) │ chain │        settlementId        │ signature │
├─────────┼───────┼────────────────────────────┼───────────┤
│    0    │ 'eth' │ '1550137345425_0101229003' │   null    │
└─────────┴───────┴────────────────────────────┴───────────┘








