【ORACLE】HVALUE: 
┌─────────┬────────────────────────────────────────────────────────────────────┐
│ (index) │                               hValue                               │
├─────────┼────────────────────────────────────────────────────────────────────┤
│    0    │ '135b9cc9f534b5e111da16489087f54ee1d635e2933552ab0f31bd5c571fe3a7' │
└─────────┴────────────────────────────────────────────────────────────────────┘


【SETTLEMENT】Maker create refund tx and h callback status server
┌─────────┬───────┬────────────────────────────────────────────────────────────────────┬────────────────────────────┬───────────┐
│ (index) │ chain │                               hvalue                               │        settlementId        │ signature │
├─────────┼───────┼────────────────────────────────────────────────────────────────────┼────────────────────────────┼───────────┤
│    0    │ 'eth' │ '135b9cc9f534b5e111da16489087f54ee1d635e2933552ab0f31bd5c571fe3a7' │ '1550062450399_0101228000' │   null    │
└─────────┴───────┴────────────────────────────────────────────────────────────────────┴────────────────────────────┴───────────┘








【SETTLEMENT】Taker receive H and create refund callback status server
┌─────────┬───────┬────────────────────────────┬───────────┐
│ (index) │ chain │        settlementId        │ signature │
├─────────┼───────┼────────────────────────────┼───────────┤
│    0    │ 'eth' │ '1550062450399_0101228000' │   null    │
└─────────┴───────┴────────────────────────────┴───────────┘








【ORACLE】Erc20 takerSubmitApproveTx....................................
【GATEWAY】Erc20 create Approve Tx params:
┌─────────┬────────────────────────────┬──────────────────────────────────────────────┬────────────────────────────────────┐
│ (index) │        settlementId        │                    sender                    │               amount               │
├─────────┼────────────────────────────┼──────────────────────────────────────────────┼────────────────────────────────────┤
│    0    │ '1550062450399_0101228000' │ '0x5c7c9E06cf9FAF957FC950887978A9434d0b5ABB' │ '1.000000000000000000000000000000' │
└─────────┴────────────────────────────┴──────────────────────────────────────────────┴────────────────────────────────────┘


【SIGNATURE】SIGN TYPE TAKER_APPROVE_TX_SIGN =================================================================||||||||||||||||||||||||||||||||
┌─────────┬─────────────────────────┬───────┬──────────┬────────────────────────────────────────────────────────────────────────────────────────────────────────────────────────────────────────┬────────────────────────────┬──────────────────────────────────────────────────────────────────────────────────────────────────────────────────────────────────────────────────────────────────────────────────────────────────────────────────────┐
│ (index) │          type           │ chain │ currency │                                                               publicKey                                                                │        settlementId        │                                                                                                       waitSign                                                                                                       │
├─────────┼─────────────────────────┼───────┼──────────┼────────────────────────────────────────────────────────────────────────────────────────────────────────────────────────────────────────┼────────────────────────────┼──────────────────────────────────────────────────────────────────────────────────────────────────────────────────────────────────────────────────────────────────────────────────────────────────────────────────────┤
│    0    │ 'taker_approve_tx_sign' │ 'eth' │  'zil'   │ '0x0421caaf99e3f0069b7889e2ebed593e2daa4d1f01575e1469787abcf02bbc012ee62e020037be4e944edf2a24d589dba389bd3a61df6f2bbc146abda7f39f69a9' │ '1550062450399_0101228000' │ '0xf8660184773594008303345094a35c9c57f23420d6d8dbdba48e5023c2cd7d84d180b844095ea7b300000000000000000000000081adec9478ece1e03bda3d10bbac89abb3ed1265000000000000000000000000000000000000000000000000000000e8d4a51000' │
└─────────┴─────────────────────────┴───────┴──────────┴────────────────────────────────────────────────────────────────────────────────────────────────────────────────────────────────────────┴────────────────────────────┴──────────────────────────────────────────────────────────────────────────────────────────────────────────────────────────────────────────────────────────────────────────────────────────────────────────────────────┘


【CALLBACK】Erc20 takerApproveTxSignCallback signature_callback params: 
┌─────────┬────────────────────────────┬────────────────────────────────────────────────────────────────────────────────────────────────────────────────────────────────────────────────────────────────────────────────────────────────────────────────────────────────────────────────────────────────────────────────────────────────────────────────────────────────────────────────────────────┐
│ (index) │        settlementId        │                                                                                                                                                                    signedRawTransaction                                                                                                                                                                    │
├─────────┼────────────────────────────┼────────────────────────────────────────────────────────────────────────────────────────────────────────────────────────────────────────────────────────────────────────────────────────────────────────────────────────────────────────────────────────────────────────────────────────────────────────────────────────────────────────────────────────────┤
│    0    │ '1550062450399_0101228000' │ '0xf8a90184773594008303345094a35c9c57f23420d6d8dbdba48e5023c2cd7d84d180b844095ea7b300000000000000000000000081adec9478ece1e03bda3d10bbac89abb3ed1265000000000000000000000000000000000000000000000000000000e8d4a510001ba036440a9761f6ae75b270d2a36fad1bd32e30e8e5e2e7080f8a3c2815cc53bba2a0387c2d356edbee53a83155ac66fe7125a4c08531970a1f09f3f2e5472186fd9e' │
└─────────┴────────────────────────────┴────────────────────────────────────────────────────────────────────────────────────────────────────────────────────────────────────────────────────────────────────────────────────────────────────────────────────────────────────────────────────────────────────────────────────────────────────────────────────────────────────────────────────────────┘


【GATEWAY】Erc20 send Approve Tx params:
┌─────────┬────────────────────────────┬────────────────────────────────────────────────────────────────────────────────────────────────────────────────────────────────────────────────────────────────────────────────────────────────────────────────────────────────────────────────────────────────────────────────────────────────────────────────────────────────────────────────────────────┐
│ (index) │        settlementId        │                                                                                                                                                                    signedRawTransaction                                                                                                                                                                    │
├─────────┼────────────────────────────┼────────────────────────────────────────────────────────────────────────────────────────────────────────────────────────────────────────────────────────────────────────────────────────────────────────────────────────────────────────────────────────────────────────────────────────────────────────────────────────────────────────────────────────────┤
│    0    │ '1550062450399_0101228000' │ '0xf8a90184773594008303345094a35c9c57f23420d6d8dbdba48e5023c2cd7d84d180b844095ea7b300000000000000000000000081adec9478ece1e03bda3d10bbac89abb3ed1265000000000000000000000000000000000000000000000000000000e8d4a510001ba036440a9761f6ae75b270d2a36fad1bd32e30e8e5e2e7080f8a3c2815cc53bba2a0387c2d356edbee53a83155ac66fe7125a4c08531970a1f09f3f2e5472186fd9e' │
└─────────┴────────────────────────────┴────────────────────────────────────────────────────────────────────────────────────────────────────────────────────────────────────────────────────────────────────────────────────────────────────────────────────────────────────────────────────────────────────────────────────────────────────────────────────────────────────────────────────────────┘


【SETTLEMENT】Taker submit approve callback status server
┌─────────┬───────┬────────────────────────────┬──────────────────────────────────────────────────────────────────────┬───────────┐
│ (index) │ chain │        settlementId        │                      takerApproveTransactionId                       │ signature │
├─────────┼───────┼────────────────────────────┼──────────────────────────────────────────────────────────────────────┼───────────┤
│    0    │ 'eth' │ '1550062450399_0101228000' │ '0xc6d2ed7c9793d2d143c6f7392124485f74619f55cb9cd48de26f13818e533291' │   null    │
└─────────┴───────┴────────────────────────────┴──────────────────────────────────────────────────────────────────────┴───────────┘








