【ORACLE】HVALUE: 
┌─────────┬────────────────────────────────────────────────────────────────────┐
│ (index) │                               hValue                               │
├─────────┼────────────────────────────────────────────────────────────────────┤
│    0    │ '897235603a37157ed9cd192965d9afb043e02d257d9fa323604f973e7ca52f1c' │
└─────────┴────────────────────────────────────────────────────────────────────┘


【SETTLEMENT】Maker create refund tx and h callback status server
┌─────────┬───────┬────────────────────────────────────────────────────────────────────┬────────────────────────────┬───────────┐
│ (index) │ chain │                               hvalue                               │        settlementId        │ signature │
├─────────┼───────┼────────────────────────────────────────────────────────────────────┼────────────────────────────┼───────────┤
│    0    │ 'eth' │ '897235603a37157ed9cd192965d9afb043e02d257d9fa323604f973e7ca52f1c' │ '1550499077817_0101231001' │   null    │
└─────────┴───────┴────────────────────────────────────────────────────────────────────┴────────────────────────────┴───────────┘








【SETTLEMENT】Taker receive H and create refund callback status server
┌─────────┬───────┬────────────────────────────┬───────────┐
│ (index) │ chain │        settlementId        │ signature │
├─────────┼───────┼────────────────────────────┼───────────┤
│    0    │ 'eos' │ '1550499077817_0101231001' │   null    │
└─────────┴───────┴────────────────────────────┴───────────┘








【ORACLE】ETH MAKER submitHashLockTx....................................
【GATEWAY】ETH create hash lock tx params:
┌─────────┬────────────────────────────────────┬────────────────────────────┬────────────────────────────────────────────────────────────────────┬──────────┬──────────────────────────────────────────────┬──────────────────────────────────────────────┐
│ (index) │               amount               │        settlementId        │                               hValue                               │ lockTime │                   receiver                   │                    sender                    │
├─────────┼────────────────────────────────────┼────────────────────────────┼────────────────────────────────────────────────────────────────────┼──────────┼──────────────────────────────────────────────┼──────────────────────────────────────────────┤
│    0    │ '1.000000000000000000000000000000' │ '1550499077817_0101231001' │ '897235603a37157ed9cd192965d9afb043e02d257d9fa323604f973e7ca52f1c' │   7200   │ '0x5c7c9E06cf9FAF957FC950887978A9434d0b5ABB' │ '0x91C8cBC45D759AE6a826FC434a04b6B7C4Fdd339' │
└─────────┴────────────────────────────────────┴────────────────────────────┴────────────────────────────────────────────────────────────────────┴──────────┴──────────────────────────────────────────────┴──────────────────────────────────────────────┘


【CALLBACK】ETH MAKER hashLockTxSign sign_callback params: 
┌─────────┬────────────────────────────┬────────────────────────────────────────────────────────────────────────────────────────────────────────────────────────────────────────────────────────────────────────────────────────────────────────────────────────────────────────────────────────────────────────────────────────────────────────────────────────────────────────────────────────────────────────────────────────────────────────────────────────────────────────────┐
│ (index) │        settlementId        │                                                                                                                                                                                                            signedRawTransaction                                                                                                                                                                                                            │
├─────────┼────────────────────────────┼────────────────────────────────────────────────────────────────────────────────────────────────────────────────────────────────────────────────────────────────────────────────────────────────────────────────────────────────────────────────────────────────────────────────────────────────────────────────────────────────────────────────────────────────────────────────────────────────────────────────────────────────────────────┤
│    0    │ '1550499077817_0101231001' │ '0xf8d12384773594008304baf0945502a0576e14e839cf72817f2ef15c3473b5ebd8880de0b6b3a7640000b864a80de0e80000000000000000000000005c7c9e06cf9faf957fc950887978a9434d0b5abb897235603a37157ed9cd192965d9afb043e02d257d9fa323604f973e7ca52f1c00000000000000000000000000000000000000000000000000000000003b62e01ba0377c3a10177ce36ba8a9fb80d0d40446ab66c4f130275df3be3d69e91350def6a03c88d7ae95361541fef3388b12ff4761643b17400e94c544c676bc995a9cc041' │
└─────────┴────────────────────────────┴────────────────────────────────────────────────────────────────────────────────────────────────────────────────────────────────────────────────────────────────────────────────────────────────────────────────────────────────────────────────────────────────────────────────────────────────────────────────────────────────────────────────────────────────────────────────────────────────────────────────────────────────────────────┘


【GATEWAY】ETH send hash lock tx params:
┌─────────┬────────────────────────────┬────────────────────────────────────────────────────────────────────────────────────────────────────────────────────────────────────────────────────────────────────────────────────────────────────────────────────────────────────────────────────────────────────────────────────────────────────────────────────────────────────────────────────────────────────────────────────────────────────────────────────────────────────────────┬──────────────────────────────────────────────────────────────────────┐
│ (index) │        settlementId        │                                                                                                                                                                                                            signedRawTransaction                                                                                                                                                                                                            │                                lockId                                │
├─────────┼────────────────────────────┼────────────────────────────────────────────────────────────────────────────────────────────────────────────────────────────────────────────────────────────────────────────────────────────────────────────────────────────────────────────────────────────────────────────────────────────────────────────────────────────────────────────────────────────────────────────────────────────────────────────────────────────────────────────┼──────────────────────────────────────────────────────────────────────┤
│    0    │ '1550499077817_0101231001' │ '0xf8d12384773594008304baf0945502a0576e14e839cf72817f2ef15c3473b5ebd8880de0b6b3a7640000b864a80de0e80000000000000000000000005c7c9e06cf9faf957fc950887978a9434d0b5abb897235603a37157ed9cd192965d9afb043e02d257d9fa323604f973e7ca52f1c00000000000000000000000000000000000000000000000000000000003b62e01ba0377c3a10177ce36ba8a9fb80d0d40446ab66c4f130275df3be3d69e91350def6a03c88d7ae95361541fef3388b12ff4761643b17400e94c544c676bc995a9cc041' │ '0xb75e0d8af431775b0e75933c5aeb1b05509e39ee63edfbbd9b9468b149dc11d6' │
└─────────┴────────────────────────────┴────────────────────────────────────────────────────────────────────────────────────────────────────────────────────────────────────────────────────────────────────────────────────────────────────────────────────────────────────────────────────────────────────────────────────────────────────────────────────────────────────────────────────────────────────────────────────────────────────────────────────────────────────────────┴──────────────────────────────────────────────────────────────────────┘


【SETTLEMENT】maker submit hash lock tx callback status server
┌─────────┬───────┬──────────┬────────────────────────────┬───────────┬──────────────────────────────────────────────────────────────────────┬──────────────────────────────────────────────────────────────────────────────────────────────────────────────────────────────────────────────────────────────────────────────────────────────────────────────────────────────────────────────────────────────────────────────────────────────────────┬──────────────────────────────────────────────────────────────────────┬──────────────────────────────┬─────────────────────┐
│ (index) │ chain │ roleEnum │        settlementId        │ signature │                             makerLockId                              │                                                                                                                                      makerHashLockRawtransation                                                                                                                                      │                      makerHashLockTransactionId                      │ makerRefundThresholdBlockNum │ makerLockExpireDate │
├─────────┼───────┼──────────┼────────────────────────────┼───────────┼──────────────────────────────────────────────────────────────────────┼──────────────────────────────────────────────────────────────────────────────────────────────────────────────────────────────────────────────────────────────────────────────────────────────────────────────────────────────────────────────────────────────────────────────────────────────────────┼──────────────────────────────────────────────────────────────────────┼──────────────────────────────┼─────────────────────┤
│    0    │ 'eth' │ 'maker'  │ '1550499077817_0101231001' │   null    │ '0xb75e0d8af431775b0e75933c5aeb1b05509e39ee63edfbbd9b9468b149dc11d6' │ '0xf88e2384773594008304baf0945502a0576e14e839cf72817f2ef15c3473b5ebd8880de0b6b3a7640000b864a80de0e80000000000000000000000005c7c9e06cf9faf957fc950887978a9434d0b5abb897235603a37157ed9cd192965d9afb043e02d257d9fa323604f973e7ca52f1c00000000000000000000000000000000000000000000000000000000003b62e0' │ '0x8a89f802208abaa93a77b26a074f1218ab9f4ae4d5b5310794e4bc6dbb8e0837' │           3891936            │        null         │
└─────────┴───────┴──────────┴────────────────────────────┴───────────┴──────────────────────────────────────────────────────────────────────┴──────────────────────────────────────────────────────────────────────────────────────────────────────────────────────────────────────────────────────────────────────────────────────────────────────────────────────────────────────────────────────────────────────────────────────────────────────┴──────────────────────────────────────────────────────────────────────┴──────────────────────────────┴─────────────────────┘








【ORACLE】EOS TAKER submitHashLockTx....................................
【GATEWAY】EOS create hash lock tx params:
┌─────────┬────────────────────────────┬───────────┬──────────┬─────────────────────────────────────┬──────────┬────────────────────────────────────────────────────────────────────┐
│ (index) │        settlementId        │  sender   │ receiver │               amount                │ lockTime │                               hvalue                               │
├─────────┼────────────────────────────┼───────────┼──────────┼─────────────────────────────────────┼──────────┼────────────────────────────────────────────────────────────────────┤
│    0    │ '1550499077817_0101231001' │ 'drunken' │ 'alice'  │ '15.000000000000000000000000000000' │   3600   │ '897235603a37157ed9cd192965d9afb043e02d257d9fa323604f973e7ca52f1c' │
└─────────┴────────────────────────────┴───────────┴──────────┴─────────────────────────────────────┴──────────┴────────────────────────────────────────────────────────────────────┘


【CALLBACK】EOS TAKER hashLockTxSign sign_callback params: 
┌─────────┬────────────────────────────┬─────────────────────────────────────────────────────────────────────────────────────────────────────────────┐
│ (index) │        settlementId        │                                                  signList                                                   │
├─────────┼────────────────────────────┼─────────────────────────────────────────────────────────────────────────────────────────────────────────────┤
│    0    │ '1550499077817_0101231001' │ [ 'SIG_K1_JzC6Xw2DXtmY8V9feG7Gq1oNFhUWoLtZWwwVUP4r5mGiKqfRyfi7um8coXwE6aPk58SwmxD11urUNLENav4Absn8bXou2r' ] │
└─────────┴────────────────────────────┴─────────────────────────────────────────────────────────────────────────────────────────────────────────────┘


【GATEWAY】EOS send hash lock tx params:
┌─────────┬────────────────────────────┬────────────────────────────────────────────────────────────────────┬────────────────────────────────────────────────────────────────────────────────────────────────────────────────────────────────────────────────────────────────────────────────────────────────────────────────────────────────────────────────────────────────────────────────────────────────────────────────────────────────────────────┬─────────────────────────────────────────────────────────────────────────────────────────────────────────────┐
│ (index) │        settlementId        │                               lockId                               │                                                                                                                                                               rawTransaction                                                                                                                                                               │                                                  signList                                                   │
├─────────┼────────────────────────────┼────────────────────────────────────────────────────────────────────┼────────────────────────────────────────────────────────────────────────────────────────────────────────────────────────────────────────────────────────────────────────────────────────────────────────────────────────────────────────────────────────────────────────────────────────────────────────────────────────────────────────────┼─────────────────────────────────────────────────────────────────────────────────────────────────────────────┤
│    0    │ '1550499077817_0101231001' │ '52666e365f172ccc5d34d4954c188a6247f4e61f031e895827b012a1699d20bc' │ '62cb6a5cb095513e35e2000000000100a6823403ea3055000000572d3ccdcd01000000602a38f54d00000000a8ed323272000000602a38f54d009001576da790baf04902000000000004454f530000000051616c6963652d383937323335363033613337313537656439636431393239363564396166623034336530326432353764396661333233363034663937336537636135326631632d3135353035303237353500' │ [ 'SIG_K1_JzC6Xw2DXtmY8V9feG7Gq1oNFhUWoLtZWwwVUP4r5mGiKqfRyfi7um8coXwE6aPk58SwmxD11urUNLENav4Absn8bXou2r' ] │
└─────────┴────────────────────────────┴────────────────────────────────────────────────────────────────────┴────────────────────────────────────────────────────────────────────────────────────────────────────────────────────────────────────────────────────────────────────────────────────────────────────────────────────────────────────────────────────────────────────────────────────────────────────────────────────────────────────────────┴─────────────────────────────────────────────────────────────────────────────────────────────────────────────┘


【SETTLEMENT】maker submit hash lock tx callback status server
┌─────────┬───────┬──────────┬────────────────────────────┬───────────┬────────────────────────────────────────────────────────────────────┬────────────────────────────────────────────────────────────────────────────────────────────────────────────────────────────────────────────────────────────────────────────────────────────────────────────────────────────────────────────────────────────────────────────────────────────────────────────────────────────────────────────┬────────────────────────────────────────────────────────────────────┬──────────────────────────────┬─────────────────────┐
│ (index) │ chain │ roleEnum │        settlementId        │ signature │                            takerLockId                             │                                                                                                                                                         takerHashLockRawtransation                                                                                                                                                         │                     takerHashLockTransactionId                     │ takerRefundThresholdBlockNum │ takerLockExpireDate │
├─────────┼───────┼──────────┼────────────────────────────┼───────────┼────────────────────────────────────────────────────────────────────┼────────────────────────────────────────────────────────────────────────────────────────────────────────────────────────────────────────────────────────────────────────────────────────────────────────────────────────────────────────────────────────────────────────────────────────────────────────────────────────────────────────────┼────────────────────────────────────────────────────────────────────┼──────────────────────────────┼─────────────────────┤
│    0    │ 'eos' │ 'taker'  │ '1550499077817_0101231001' │   null    │ '52666e365f172ccc5d34d4954c188a6247f4e61f031e895827b012a1699d20bc' │ '62cb6a5cb095513e35e2000000000100a6823403ea3055000000572d3ccdcd01000000602a38f54d00000000a8ed323272000000602a38f54d009001576da790baf04902000000000004454f530000000051616c6963652d383937323335363033613337313537656439636431393239363564396166623034336530326432353764396661333233363034663937336537636135326631632d3135353035303237353500' │ 'b5456d2b859dd3762f4da56b53af571e76a6709f2ee296515858ad2eba3b8ca0' │             null             │     1550502755      │
└─────────┴───────┴──────────┴────────────────────────────┴───────────┴────────────────────────────────────────────────────────────────────┴────────────────────────────────────────────────────────────────────────────────────────────────────────────────────────────────────────────────────────────────────────────────────────────────────────────────────────────────────────────────────────────────────────────────────────────────────────────────────────────────────────────┴────────────────────────────────────────────────────────────────────┴──────────────────────────────┴─────────────────────┘








【ORACLE】EOS MAKER submitWithdrawTx....................................
【GATEWAY】EOS create withdraw tx params:
┌─────────┬────────────────────────────┬────────────────────────────────────────────────────────────────────┬────────────────────────────────────────────────────────────────────────────────────────────────────────────────────────────────────┬─────────┐
│ (index) │        settlementId        │                               lockId                               │                                                              preimage                                                              │ sender  │
├─────────┼────────────────────────────┼────────────────────────────────────────────────────────────────────┼────────────────────────────────────────────────────────────────────────────────────────────────────────────────────────────────────┼─────────┤
│    0    │ '1550499077817_0101231001' │ '52666e365f172ccc5d34d4954c188a6247f4e61f031e895827b012a1699d20bc' │ 'bOh1O4RrkY22Q0LWERBJjvND7810aB9r3tU7c7cd94s7Hf2DDZj0grK8xtwjAdsuF4Ug3KM52L3ytob0l755a9mkf3A3Yw7oh6PCPpc738759wowFj2NY76wrGgFdy1p' │ 'alice' │
└─────────┴────────────────────────────┴────────────────────────────────────────────────────────────────────┴────────────────────────────────────────────────────────────────────────────────────────────────────────────────────────────────────┴─────────┘


【CALLBACK】EOS MAKER withdrawTxSign sign_callback params: 
┌─────────┬────────────────────────────┬─────────────────────────────────────────────────────────────────────────────────────────────────────────────┐
│ (index) │        settlementId        │                                                  signList                                                   │
├─────────┼────────────────────────────┼─────────────────────────────────────────────────────────────────────────────────────────────────────────────┤
│    0    │ '1550499077817_0101231001' │ [ 'SIG_K1_JxWUAgkgs3aZJRW9sKGwdAdqQDU5tpMzHtPGzfRAXnq6ykMaa92QduCPr3wR7bcNx6Kwr8m4R4RgR5U3CKcCsXd8oVeJ8Q' ] │
└─────────┴────────────────────────────┴─────────────────────────────────────────────────────────────────────────────────────────────────────────────┘


【GATEWAY】EOS send withdraw tx params:
┌─────────┬────────────────────────────┬──────────────────────────────────────────────────────────────────────────────────────────────────────────────────────────────────────────────────────────────────────────────────────────────────────────────────────────────────────────────────────────────────────────────────────────────────────────────────────────────────────────────────────────────────────────────────────────────────────────────────────────────────────────────────────────────┬─────────────────────────────────────────────────────────────────────────────────────────────────────────────┐
│ (index) │        settlementId        │                                                                                                                                                                                                                        rawTransaction                                                                                                                                                                                                                        │                                                  signList                                                   │
├─────────┼────────────────────────────┼──────────────────────────────────────────────────────────────────────────────────────────────────────────────────────────────────────────────────────────────────────────────────────────────────────────────────────────────────────────────────────────────────────────────────────────────────────────────────────────────────────────────────────────────────────────────────────────────────────────────────────────────────────────────────────────────┼─────────────────────────────────────────────────────────────────────────────────────────────────────────────┤
│    0    │ '1550499077817_0101231001' │ '76cb6a5cd8956fd9beb70000000001009001576da790ba000000dcdcd4b2e3010000000000855c3400000000a8ed3232aa0152666e365f172ccc5d34d4954c188a6247f4e61f031e895827b012a1699d20bc8001624f68314f3452726b59323251304c574552424a6a764e44373831306142397233745537633763643934733748663244445a6a3067724b387874776a4164737546345567334b4d35324c3379746f62306c37353561396d6b663341335977376f68365043507063373338373539776f77466a324e5937367772476746647931700000000000855c3400' │ [ 'SIG_K1_JxWUAgkgs3aZJRW9sKGwdAdqQDU5tpMzHtPGzfRAXnq6ykMaa92QduCPr3wR7bcNx6Kwr8m4R4RgR5U3CKcCsXd8oVeJ8Q' ] │
└─────────┴────────────────────────────┴──────────────────────────────────────────────────────────────────────────────────────────────────────────────────────────────────────────────────────────────────────────────────────────────────────────────────────────────────────────────────────────────────────────────────────────────────────────────────────────────────────────────────────────────────────────────────────────────────────────────────────────────────────────────────────────────┴─────────────────────────────────────────────────────────────────────────────────────────────────────────────┘


【SETTLEMENT】Maker submit withdraw callback status server
┌─────────┬───────┬──────────┬────────────────────────────┬───────────┬────────────────────────────────────────────────────────────────────┐
│ (index) │ chain │ roleEnum │        settlementId        │ signature │                     makerWithdrawTransactionId                     │
├─────────┼───────┼──────────┼────────────────────────────┼───────────┼────────────────────────────────────────────────────────────────────┤
│    0    │ 'eos' │ 'maker'  │ '1550499077817_0101231001' │   null    │ '37674a0e9c5ac792ae04ff023623aaa754774db1759b307f65d28359ba9d7d69' │
└─────────┴───────┴──────────┴────────────────────────────┴───────────┴────────────────────────────────────────────────────────────────────┘








【ORACLE】ETH TAKER submitWithdrawTx....................................
【GATEWAY】ETH create withdraw tx params:
┌─────────┬────────────────────────────┬──────────────────────────────────────────────┬──────────────────────────────────────────────────────────────────────┬────────────────────────────────────────────────────────────────────────────────────────────────────────────────────────────────────┐
│ (index) │        settlementId        │                    sender                    │                                lockId                                │                                                              preimage                                                              │
├─────────┼────────────────────────────┼──────────────────────────────────────────────┼──────────────────────────────────────────────────────────────────────┼────────────────────────────────────────────────────────────────────────────────────────────────────────────────────────────────────┤
│    0    │ '1550499077817_0101231001' │ '0x5c7c9E06cf9FAF957FC950887978A9434d0b5ABB' │ '0xb75e0d8af431775b0e75933c5aeb1b05509e39ee63edfbbd9b9468b149dc11d6' │ 'bOh1O4RrkY22Q0LWERBJjvND7810aB9r3tU7c7cd94s7Hf2DDZj0grK8xtwjAdsuF4Ug3KM52L3ytob0l755a9mkf3A3Yw7oh6PCPpc738759wowFj2NY76wrGgFdy1p' │
└─────────┴────────────────────────────┴──────────────────────────────────────────────┴──────────────────────────────────────────────────────────────────────┴────────────────────────────────────────────────────────────────────────────────────────────────────────────────────────────────────┘


【CALLBACK】ETH TAKER withdrawTxSign sign_callback params: 
┌─────────┬────────────────────────────┬──────────────────────────────────────────────────────────────────────────────────────────────────────────────────────────────────────────────────────────────────────────────────────────────────────────────────────────────────────────────────────────────────────────────────────────────────────────────────────────────────────────────────────────────────────────────────────────────────────────────────────────────────────────────────────────────────────────────────────────────────────────────────────────────────────────────────────────────────────────────────────────────────────────────────────────────────────────────────────────────────────────────────────────────┐
│ (index) │        settlementId        │                                                                                                                                                                                                                                                                                                                                     signedRawTransaction                                                                                                                                                                                                                                                                                                                                     │
├─────────┼────────────────────────────┼──────────────────────────────────────────────────────────────────────────────────────────────────────────────────────────────────────────────────────────────────────────────────────────────────────────────────────────────────────────────────────────────────────────────────────────────────────────────────────────────────────────────────────────────────────────────────────────────────────────────────────────────────────────────────────────────────────────────────────────────────────────────────────────────────────────────────────────────────────────────────────────────────────────────────────────────────────────────────────────────────────────────────────────────┤
│    0    │ '1550499077817_0101231001' │ '0xf901492c84773594008304baf0945502a0576e14e839cf72817f2ef15c3473b5ebd880b8e406a53665b75e0d8af431775b0e75933c5aeb1b05509e39ee63edfbbd9b9468b149dc11d600000000000000000000000000000000000000000000000000000000000000400000000000000000000000000000000000000000000000000000000000000080624f68314f3452726b59323251304c574552424a6a764e44373831306142397233745537633763643934733748663244445a6a3067724b387874776a4164737546345567334b4d35324c3379746f62306c37353561396d6b663341335977376f68365043507063373338373539776f77466a324e5937367772476746647931701ca075a031e1a26991a577a31c0996ab1bee61f2d314f0a4350187b80cd339501688a01e2965d1fce5ba6be150f07a5460b535928a399eb511bf4793ab2be595d8ab8d' │
└─────────┴────────────────────────────┴──────────────────────────────────────────────────────────────────────────────────────────────────────────────────────────────────────────────────────────────────────────────────────────────────────────────────────────────────────────────────────────────────────────────────────────────────────────────────────────────────────────────────────────────────────────────────────────────────────────────────────────────────────────────────────────────────────────────────────────────────────────────────────────────────────────────────────────────────────────────────────────────────────────────────────────────────────────────────────────────────────────────────────────────┘


【GATEWAY】ETH send withdraw tx params:
┌─────────┬────────────────────────────┬──────────────────────────────────────────────────────────────────────────────────────────────────────────────────────────────────────────────────────────────────────────────────────────────────────────────────────────────────────────────────────────────────────────────────────────────────────────────────────────────────────────────────────────────────────────────────────────────────────────────────────────────────────────────────────────────────────────────────────────────────────────────────────────────────────────────────────────────────────────────────────────────────────────────────────────────────────────────────────────────────────────────────────────────┐
│ (index) │        settlementId        │                                                                                                                                                                                                                                                                                                                                     signedRawTransaction                                                                                                                                                                                                                                                                                                                                     │
├─────────┼────────────────────────────┼──────────────────────────────────────────────────────────────────────────────────────────────────────────────────────────────────────────────────────────────────────────────────────────────────────────────────────────────────────────────────────────────────────────────────────────────────────────────────────────────────────────────────────────────────────────────────────────────────────────────────────────────────────────────────────────────────────────────────────────────────────────────────────────────────────────────────────────────────────────────────────────────────────────────────────────────────────────────────────────────────────────────────────────────┤
│    0    │ '1550499077817_0101231001' │ '0xf901492c84773594008304baf0945502a0576e14e839cf72817f2ef15c3473b5ebd880b8e406a53665b75e0d8af431775b0e75933c5aeb1b05509e39ee63edfbbd9b9468b149dc11d600000000000000000000000000000000000000000000000000000000000000400000000000000000000000000000000000000000000000000000000000000080624f68314f3452726b59323251304c574552424a6a764e44373831306142397233745537633763643934733748663244445a6a3067724b387874776a4164737546345567334b4d35324c3379746f62306c37353561396d6b663341335977376f68365043507063373338373539776f77466a324e5937367772476746647931701ca075a031e1a26991a577a31c0996ab1bee61f2d314f0a4350187b80cd339501688a01e2965d1fce5ba6be150f07a5460b535928a399eb511bf4793ab2be595d8ab8d' │
└─────────┴────────────────────────────┴──────────────────────────────────────────────────────────────────────────────────────────────────────────────────────────────────────────────────────────────────────────────────────────────────────────────────────────────────────────────────────────────────────────────────────────────────────────────────────────────────────────────────────────────────────────────────────────────────────────────────────────────────────────────────────────────────────────────────────────────────────────────────────────────────────────────────────────────────────────────────────────────────────────────────────────────────────────────────────────────────────────────────────────────┘


【SETTLEMENT】Maker submit withdraw callback status server
┌─────────┬───────┬──────────┬────────────────────────────┬───────────┬──────────────────────────────────────────────────────────────────────┐
│ (index) │ chain │ roleEnum │        settlementId        │ signature │                      takerWithdrawTransactionId                      │
├─────────┼───────┼──────────┼────────────────────────────┼───────────┼──────────────────────────────────────────────────────────────────────┤
│    0    │ 'eth' │ 'taker'  │ '1550499077817_0101231001' │   null    │ '0x038a1e484f65d07a112efd702585885562888a3f52880fde3e44530835efcd9e' │
└─────────┴───────┴──────────┴────────────────────────────┴───────────┴──────────────────────────────────────────────────────────────────────┘








【SETTLEMENT】Maker submit Final callback status server
┌─────────┬───────┬──────────┬────────────────────────────┬───────────┐
│ (index) │ chain │ roleEnum │        settlementId        │ signature │
├─────────┼───────┼──────────┼────────────────────────────┼───────────┤
│    0    │ 'eth' │ 'maker'  │ '1550499077817_0101231001' │   null    │
└─────────┴───────┴──────────┴────────────────────────────┴───────────┘








【SETTLEMENT】Maker submit Final callback status server
┌─────────┬───────┬──────────┬────────────────────────────┬───────────┐
│ (index) │ chain │ roleEnum │        settlementId        │ signature │
├─────────┼───────┼──────────┼────────────────────────────┼───────────┤
│    0    │ 'eos' │ 'taker'  │ '1550499077817_0101231001' │   null    │
└─────────┴───────┴──────────┴────────────────────────────┴───────────┘








【SETTLEMENT】Maker submit Final callback status server
┌─────────┬───────┬──────────┬────────────────────────────┬───────────┐
│ (index) │ chain │ roleEnum │        settlementId        │ signature │
├─────────┼───────┼──────────┼────────────────────────────┼───────────┤
│    0    │ 'eth' │ 'maker'  │ '1550499077817_0101231001' │   null    │
└─────────┴───────┴──────────┴────────────────────────────┴───────────┘








